[Fri Feb 02 2018 18:49:20 GMT+0800 (中国标准时间)]/u/lul/2018-1-31/ai
TypeError: D:\Sublime Text 3\node.js\blog\views\article.ejs:45
    43|   转载：
    44|   <% if(post.reprint_info.reprint_to) { %>
 >> 45|     <%= post.reprint_info.reprnt_to.length %>
    46|   <% } else { %>
    47|   <%= 0 %>
    48|   <% } %>

Cannot read property 'length' of undefined
    at eval (eval at compile (D:\Sublime Text 3\node.js\blog\node_modules\ejs\lib\ejs.js:549:12), <anonymous>:178:53)
    at returnedFn (D:\Sublime Text 3\node.js\blog\node_modules\ejs\lib\ejs.js:580:17)
    at tryHandleCache (D:\Sublime Text 3\node.js\blog\node_modules\ejs\lib\ejs.js:223:34)
    at View.exports.renderFile [as engine] (D:\Sublime Text 3\node.js\blog\node_modules\ejs\lib\ejs.js:437:10)
    at View.render (D:\Sublime Text 3\node.js\blog\node_modules\express\lib\view.js:76:8)
    at Function.app.render (D:\Sublime Text 3\node.js\blog\node_modules\express\lib\application.js:561:10)
    at ServerResponse.res.render (D:\Sublime Text 3\node.js\blog\node_modules\express\lib\response.js:845:7)
    at D:\Sublime Text 3\node.js\blog\routes\index.js:271:8
    at D:\Sublime Text 3\node.js\blog\models\post.js:127:5
    at handleCallback (D:\Sublime Text 3\node.js\blog\node_modules\mongodb\lib\utils.js:120:56)
[Fri Feb 02 2018 18:49:32 GMT+0800 (中国标准时间)]/u/lul/2018-1-31/ai
TypeError: D:\Sublime Text 3\node.js\blog\views\article.ejs:45
    43|   转载：
    44|   <% if(post.reprint_info.reprint_to) { %>
 >> 45|     <%= post.reprint_info.reprnt_to.length %>
    46|   <% } else { %>
    47|   <%= 0 %>
    48|   <% } %>

Cannot read property 'length' of undefined
    at eval (eval at compile (D:\Sublime Text 3\node.js\blog\node_modules\ejs\lib\ejs.js:549:12), <anonymous>:178:53)
    at returnedFn (D:\Sublime Text 3\node.js\blog\node_modules\ejs\lib\ejs.js:580:17)
    at tryHandleCache (D:\Sublime Text 3\node.js\blog\node_modules\ejs\lib\ejs.js:223:34)
    at View.exports.renderFile [as engine] (D:\Sublime Text 3\node.js\blog\node_modules\ejs\lib\ejs.js:437:10)
    at View.render (D:\Sublime Text 3\node.js\blog\node_modules\express\lib\view.js:76:8)
    at Function.app.render (D:\Sublime Text 3\node.js\blog\node_modules\express\lib\application.js:561:10)
    at ServerResponse.res.render (D:\Sublime Text 3\node.js\blog\node_modules\express\lib\response.js:845:7)
    at D:\Sublime Text 3\node.js\blog\routes\index.js:271:8
    at D:\Sublime Text 3\node.js\blog\models\post.js:127:5
    at handleCallback (D:\Sublime Text 3\node.js\blog\node_modules\mongodb\lib\utils.js:120:56)
